<?xml version="1.0" encoding="UTF-8"?>
<!-- Generated by org.testng.reporters.JUnitReportReporter -->
<testsuite hostname="Nickelfox" failures="0" tests="1" name="com.nickelfox.testcases.Contact_Page_Test" time="60.327" errors="0" timestamp="2024-12-24T17:21:19 IST" skipped="0">
  <testcase classname="com.nickelfox.testcases.Contact_Page_Test" name="go_contact_page" time="60.327"/>
</testsuite> <!-- com.nickelfox.testcases.Contact_Page_Test -->
