<?xml version="1.0" encoding="UTF-8"?>
<!-- Generated by org.testng.reporters.JUnitReportReporter -->
<testsuite hostname="Nickelfox" failures="0" tests="1" name="com.nickelfox.testcases.Blog_Page_Test" time="55.226" errors="0" timestamp="2024-12-26T17:27:34 IST" skipped="0">
  <testcase classname="com.nickelfox.testcases.Blog_Page_Test" name="blogTest" time="55.226"/>
</testsuite> <!-- com.nickelfox.testcases.Blog_Page_Test -->
