<?xml version="1.0" encoding="UTF-8"?>
<!-- Generated by org.testng.reporters.JUnitReportReporter -->
<testsuite hostname="Nickelfox" failures="0" tests="1" name="com.nickelfox.testcases.Industries_Page_Test" time="82.604" errors="0" timestamp="2024-12-26T17:42:41 IST" skipped="0">
  <testcase classname="com.nickelfox.testcases.Industries_Page_Test" name="go_contact_page" time="82.604"/>
</testsuite> <!-- com.nickelfox.testcases.Industries_Page_Test -->
