<?xml version="1.0" encoding="UTF-8"?>
<!-- Generated by org.testng.reporters.JUnitReportReporter -->
<testsuite hostname="Nickelfox" failures="0" tests="2" name="com.nickelfox.testcases.About_Test_case" time="186.642" errors="0" timestamp="2024-12-26T16:44:19 IST" skipped="0">
  <testcase classname="com.nickelfox.testcases.About_Test_case" name="verifyContactFormSubmissionAboutPage" time="95.003"/>
  <testcase classname="com.nickelfox.testcases.About_Test_case" name="VerifyGlobelTechWrkPlcTalkToUs" time="91.639"/>
</testsuite> <!-- com.nickelfox.testcases.About_Test_case -->
