<?xml version="1.0" encoding="UTF-8"?>
<!-- Generated by org.testng.reporters.JUnitReportReporter -->
<testsuite hostname="Nickelfox" failures="0" tests="1" name="com.nickelfox.testcases.Contact_With_Us_Page_Test" time="72.729" errors="0" timestamp="2024-12-26T17:40:57 IST" skipped="0">
  <testcase classname="com.nickelfox.testcases.Contact_With_Us_Page_Test" name="verifyContactFormSubmission" time="72.729"/>
</testsuite> <!-- com.nickelfox.testcases.Contact_With_Us_Page_Test -->
