<?xml version="1.0" encoding="UTF-8"?>
<!-- Generated by org.testng.reporters.JUnitReportReporter -->
<testsuite hostname="Nickelfox" failures="0" tests="1" name="com.nickelfox.testcases.Success_Stories_Page_Test" time="50.009" errors="0" timestamp="2024-12-12T18:42:43 IST" skipped="0">
  <testcase classname="com.nickelfox.testcases.Success_Stories_Page_Test" name="Stories" time="50.009"/>
  <system-out>
    <![CDATA[user navigate to the website
user navigate to the website]]>
  </system-out>
</testsuite> <!-- com.nickelfox.testcases.Success_Stories_Page_Test -->
