<?xml version="1.0" encoding="UTF-8"?>
<!-- Generated by org.testng.reporters.JUnitReportReporter -->
<testsuite hostname="Nickelfox" failures="0" tests="1" name="com.nickelfox.testcases.Live_Chat_Test" time="104.645" errors="0" timestamp="2024-12-26T17:44:41 IST" skipped="0">
  <testcase classname="com.nickelfox.testcases.Live_Chat_Test" name="test" time="104.645"/>
</testsuite> <!-- com.nickelfox.testcases.Live_Chat_Test -->
