<?xml version="1.0" encoding="UTF-8"?>
<!-- Generated by org.testng.reporters.JUnitReportReporter -->
<testsuite hostname="Nickelfox" failures="0" tests="1" name="com.nickelfox.testcases.Industries_Page_Test" time="83.087" errors="0" timestamp="2025-01-06T17:07:39 IST" skipped="0">
  <testcase classname="com.nickelfox.testcases.Industries_Page_Test" name="go_contact_page" time="83.087"/>
  <system-out/>
</testsuite> <!-- com.nickelfox.testcases.Industries_Page_Test -->
