<?xml version="1.0" encoding="UTF-8"?>
<!-- Generated by org.testng.reporters.JUnitReportReporter -->
<testsuite hostname="Nickelfox" failures="0" tests="1" name="com.nickelfox.testcases.Live_Chat_Test" time="88.765" errors="0" timestamp="2025-01-06T17:07:39 IST" skipped="0">
  <testcase classname="com.nickelfox.testcases.Live_Chat_Test" name="test" time="88.765"/>
  <system-out/>
</testsuite> <!-- com.nickelfox.testcases.Live_Chat_Test -->
