<?xml version="1.0" encoding="UTF-8"?>
<!-- Generated by org.testng.reporters.JUnitReportReporter -->
<testsuite hostname="Nickelfox" failures="0" tests="1" name="com.nickelfox.testcases.Success_Stories_Page_Test" time="35.582" errors="0" timestamp="2025-01-06T17:07:39 IST" skipped="0">
  <testcase classname="com.nickelfox.testcases.Success_Stories_Page_Test" name="Stories" time="35.582"/>
  <system-out/>
</testsuite> <!-- com.nickelfox.testcases.Success_Stories_Page_Test -->
