<?xml version="1.0" encoding="UTF-8"?>
<!-- Generated by org.testng.reporters.JUnitReportReporter -->
<testsuite hostname="Nickelfox" failures="0" tests="1" name="com.nickelfox.testcases.Blog_Page_Test" time="26.682" errors="0" timestamp="2025-01-06T17:07:39 IST" skipped="0">
  <testcase classname="com.nickelfox.testcases.Blog_Page_Test" name="blogTest" time="26.682"/>
  <system-out/>
</testsuite> <!-- com.nickelfox.testcases.Blog_Page_Test -->
